<?xml version="1.0" encoding="UTF-8"?>
<!-- Generated by org.testng.reporters.JUnitReportReporter -->
<testsuite skipped="1" hostname="INC00752" name="com.incture.proj.testNg.DemoTher" tests="3" failures="0" timestamp="28 Dec 2017 09:01:56 GMT" time="21.447" errors="0">
  <testcase name="test2" time="10.856" classname="com.incture.proj.testNg.DemoTher"/>
  <testcase name="test1" time="10.591" classname="com.incture.proj.testNg.DemoTher"/>
  <testcase name="test3" classname="com.incture.proj.testNg.DemoTher">
    <skipped/>
  </testcase> <!-- test3 -->
</testsuite> <!-- com.incture.proj.testNg.DemoTher -->
