<?xml version="1.0" encoding="UTF-8"?>
<!-- Generated by org.testng.reporters.JUnitReportReporter -->
<testsuite skipped="0" hostname="INC00752" name="com.incture.proj.testNg.AnnotationTestNGImpl2" tests="2" failures="0" timestamp="27 Dec 2017 14:29:28 GMT" time="0.771" errors="0">
  <testcase name="test1" time="0.765" classname="com.incture.proj.testNg.AnnotationTestNGImpl2"/>
  <testcase name="test2" time="0.006" classname="com.incture.proj.testNg.AnnotationTestNGImpl2"/>
</testsuite> <!-- com.incture.proj.testNg.AnnotationTestNGImpl2 -->
